platforms/android/manifest-merger-release-report.txt
-- Merging decision tree log ---
manifest
ADDED from AndroidManifest.xml:2:1
	package
		ADDED from AndroidManifest.xml:2:98
	android:versionName
		ADDED from AndroidManifest.xml:2:70
	android:hardwareAccelerated
		ADDED from AndroidManifest.xml:2:11
	android:versionCode
		ADDED from AndroidManifest.xml:2:46
		INJECTED from AndroidManifest.xml:0:0
		INJECTED from AndroidManifest.xml:0:0
	xmlns:android
		ADDED from AndroidManifest.xml:2:127
supports-screens
ADDED from AndroidManifest.xml:3:5
	android:largeScreens
		ADDED from AndroidManifest.xml:3:49
	android:smallScreens
		ADDED from AndroidManifest.xml:3:133
	android:normalScreens
		ADDED from AndroidManifest.xml:3:78
	android:xlargeScreens
		ADDED from AndroidManifest.xml:3:161
	android:resizeable
		ADDED from AndroidManifest.xml:3:107
	android:anyDensity
		ADDED from AndroidManifest.xml:3:23
uses-permission#android.permission.INTERNET
ADDED from AndroidManifest.xml:4:5
	android:name
		ADDED from AndroidManifest.xml:4:22
compatible-screens
ADDED from AndroidManifest.xml:5:5
screen#small+ldpi
ADDED from AndroidManifest.xml:6:9
	android:screenDensity
		ADDED from AndroidManifest.xml:6:44
	android:screenSize
		ADDED from AndroidManifest.xml:6:17
screen#small+mdpi
ADDED from AndroidManifest.xml:7:9
	android:screenDensity
		ADDED from AndroidManifest.xml:7:44
	android:screenSize
		ADDED from AndroidManifest.xml:7:17
screen#small+hdpi
ADDED from AndroidManifest.xml:8:9
	android:screenDensity
		ADDED from AndroidManifest.xml:8:44
	android:screenSize
		ADDED from AndroidManifest.xml:8:17
screen#small+xhdpi
ADDED from AndroidManifest.xml:9:9
	android:screenDensity
		ADDED from AndroidManifest.xml:9:44
	android:screenSize
		ADDED from AndroidManifest.xml:9:17
screen#small+480
ADDED from AndroidManifest.xml:10:9
	android:screenDensity
		ADDED from AndroidManifest.xml:10:44
	android:screenSize
		ADDED from AndroidManifest.xml:10:17
screen#small+640
ADDED from AndroidManifest.xml:11:9
	android:screenDensity
		ADDED from AndroidManifest.xml:11:44
	android:screenSize
		ADDED from AndroidManifest.xml:11:17
screen#normal+ldpi
ADDED from AndroidManifest.xml:12:9
	android:screenDensity
		ADDED from AndroidManifest.xml:12:45
	android:screenSize
		ADDED from AndroidManifest.xml:12:17
screen#normal+mdpi
ADDED from AndroidManifest.xml:13:9
	android:screenDensity
		ADDED from AndroidManifest.xml:13:45
	android:screenSize
		ADDED from AndroidManifest.xml:13:17
screen#normal+hdpi
ADDED from AndroidManifest.xml:14:9
	android:screenDensity
		ADDED from AndroidManifest.xml:14:45
	android:screenSize
		ADDED from AndroidManifest.xml:14:17
screen#normal+xhdpi
ADDED from AndroidManifest.xml:15:9
	android:screenDensity
		ADDED from AndroidManifest.xml:15:45
	android:screenSize
		ADDED from AndroidManifest.xml:15:17
screen#normal+480
ADDED from AndroidManifest.xml:16:9
	android:screenDensity
		ADDED from AndroidManifest.xml:16:45
	android:screenSize
		ADDED from AndroidManifest.xml:16:17
screen#normal+640
ADDED from AndroidManifest.xml:17:9
	android:screenDensity
		ADDED from AndroidManifest.xml:17:45
	android:screenSize
		ADDED from AndroidManifest.xml:17:17
application
ADDED from AndroidManifest.xml:19:5
	android:label
		ADDED from AndroidManifest.xml:19:83
	android:hardwareAccelerated
		ADDED from AndroidManifest.xml:19:18
	android:icon
		ADDED from AndroidManifest.xml:19:53
activity#es.labstore.weshop.CordovaApp
ADDED from AndroidManifest.xml:20:9
	android:screenOrientation
		ADDED from AndroidManifest.xml:20:192
	android:label
		ADDED from AndroidManifest.xml:20:97
	android:launchMode
		ADDED from AndroidManifest.xml:20:135
	android:windowSoftInputMode
		ADDED from AndroidManifest.xml:20:283
	android:configChanges
		ADDED from AndroidManifest.xml:20:19
	android:theme
		ADDED from AndroidManifest.xml:20:229
	android:name
		ADDED from AndroidManifest.xml:20:166
intent-filter#android.intent.action.MAIN+android.intent.category.LAUNCHER
ADDED from AndroidManifest.xml:21:13
	android:label
		ADDED from AndroidManifest.xml:21:28
action#android.intent.action.MAIN
ADDED from AndroidManifest.xml:22:17
	android:name
		ADDED from AndroidManifest.xml:22:25
category#android.intent.category.LAUNCHER
ADDED from AndroidManifest.xml:23:17
	android:name
		ADDED from AndroidManifest.xml:23:27
uses-sdk
ADDED from AndroidManifest.xml:27:5
MERGED from android:CordovaLib:unspecified:25:5
	android:targetSdkVersion
		ADDED from AndroidManifest.xml:27:42
	android:minSdkVersion
		ADDED from AndroidManifest.xml:27:15
uses-permission#android.permission.WRITE_EXTERNAL_STORAGE
ADDED from AndroidManifest.xml:28:5
	android:name
		ADDED from AndroidManifest.xml:28:22
uses-permission#android.permission.ACCESS_COARSE_LOCATION
ADDED from AndroidManifest.xml:29:5
	android:name
		ADDED from AndroidManifest.xml:29:22
uses-permission#android.permission.ACCESS_FINE_LOCATION
ADDED from AndroidManifest.xml:30:5
	android:name
		ADDED from AndroidManifest.xml:30:22
uses-permission#android.permission.ACCESS_NETWORK_STATE
ADDED from AndroidManifest.xml:31:5
	android:name
		ADDED from AndroidManifest.xml:31:22